<?xml version="1.0" encoding="UTF-8"?>
<testng-results skipped="0" failed="0" ignored="0" total="1" passed="1">
  <reporter-output>
  </reporter-output>
  <suite name="Surefire suite" duration-ms="4858" started-at="2018-10-18T19:49:49Z" finished-at="2018-10-18T19:49:54Z">
    <groups>
      <group name="cucumber">
        <method signature="AbstractTestNGCucumberTests.feature(cucumber.api.testng.CucumberFeatureWrapper)[pri:0, instance:runner.TestRunnerWithTestNG@5cc7c2a6]" name="feature" class="cucumber.api.testng.AbstractTestNGCucumberTests"/>
      </group> <!-- cucumber -->
    </groups>
    <test name="Surefire test" duration-ms="4858" started-at="2018-10-18T19:49:49Z" finished-at="2018-10-18T19:49:54Z">
      <class name="runner.TestRunnerWithTestNG">
        <test-method status="PASS" signature="setUpClass()[pri:0, instance:runner.TestRunnerWithTestNG@5cc7c2a6]" name="setUpClass" is-config="true" duration-ms="190" started-at="2018-10-18T19:49:49Z" finished-at="2018-10-18T19:49:49Z">
          <reporter-output>
          </reporter-output>
        </test-method> <!-- setUpClass -->
        <test-method status="PASS" signature="feature(cucumber.api.testng.CucumberFeatureWrapper)[pri:0, instance:runner.TestRunnerWithTestNG@5cc7c2a6]" name="feature" duration-ms="4587" started-at="2018-10-18T19:49:49Z" description="Runs Cucumber Feature" data-provider="features" finished-at="2018-10-18T19:49:54Z">
          <params>
            <param index="0">
              <value>
                <![CDATA[Login Feature FIVE]]>
              </value>
            </param>
          </params>
          <reporter-output>
          </reporter-output>
        </test-method> <!-- feature -->
        <test-method status="PASS" signature="tearDownClass()[pri:0, instance:runner.TestRunnerWithTestNG@5cc7c2a6]" name="tearDownClass" is-config="true" duration-ms="3" started-at="2018-10-18T19:49:54Z" finished-at="2018-10-18T19:49:54Z">
          <reporter-output>
          </reporter-output>
        </test-method> <!-- tearDownClass -->
      </class> <!-- runner.TestRunnerWithTestNG -->
    </test> <!-- Surefire test -->
  </suite> <!-- Surefire suite -->
</testng-results>
